<?xml version="1.0" encoding="UTF-8"?>
<testsuite xmlns:xsi="http://www.w3.org/2001/XMLSchema-instance" xsi:noNamespaceSchemaLocation="https://maven.apache.org/surefire/maven-surefire-plugin/xsd/surefire-test-report.xsd" name="fr.semifir.CalculatriceTest" time="0.006" tests="4" errors="0" skipped="0" failures="0">
  <properties>
[...]
</properties>
  <testcase name="fr.semifir.CalculatriceTest.testMultiplication" classname="fr.semifir.CalculatriceTest" time="0"/>
  <testcase name="fr.semifir.CalculatriceTest.testDivision" classname="fr.semifir.CalculatriceTest" time="0"/>
  <testcase name="fr.semifir.CalculatriceTest.testAddition" classname="fr.semifir.CalculatriceTest" time="0"/>
  <testcase name="fr.semifir.CalculatriceTest.testSoustraction" classname="fr.semifir.CalculatriceTest" time="0"/>
</testsuite>